[2023-02-22 09:44:08]--[/home/admin/JKYi-CloudDisk/src_cgi/login_cgi.c:215]--buf = {"user":"xiaohong","pwd":"123"}
[2023-02-22 09:44:08]--[/home/admin/JKYi-CloudDisk/src_cgi/login_cgi.c:221]--username = xiaohong,pwd = 123
[2023-02-22 09:44:08]--[/home/admin/JKYi-CloudDisk/src_cgi/login_cgi.c:77]--mysql_user = root,mysql_pwd = root,mysql_db = JKYi-CloudDisk[2023-02-22 09:44:08]--[/home/admin/JKYi-CloudDisk/src_cgi/login_cgi.c:112]--redis:[ip = 127.0.0.1,port = 6379]
[2023-02-22 09:44:08]--[/home/admin/JKYi-CloudDisk/src_cgi/login_cgi.c:134]--tmp = xiaohong343516589808
[2023-02-22 09:44:08]--[/home/admin/JKYi-CloudDisk/src_cgi/login_cgi.c:141]--DesDec err
[2023-02-22 09:44:08]--[/home/admin/JKYi-CloudDisk/src_cgi/login_cgi.c:228]--token = 
[2023-02-22 09:53:17]--[/home/admin/JKYi-CloudDisk/src_cgi/login_cgi.c:217]--buf = {"user":"xiaohong","pwd":"123"}
[2023-02-22 09:53:17]--[/home/admin/JKYi-CloudDisk/src_cgi/login_cgi.c:49]--user = xiaohong,pwd = 123
[2023-02-22 09:53:17]--[/home/admin/JKYi-CloudDisk/src_cgi/login_cgi.c:223]--username = xiaohong,pwd = 123
[2023-02-22 09:53:17]--[/home/admin/JKYi-CloudDisk/src_cgi/login_cgi.c:79]--mysql_user = root,mysql_pwd = root,mysql_db = JKYi-CloudDisk[2023-02-22 09:53:17]--[/home/admin/JKYi-CloudDisk/src_cgi/login_cgi.c:114]--redis:[ip = 127.0.0.1,port = 6379]
[2023-02-22 09:53:17]--[/home/admin/JKYi-CloudDisk/src_cgi/login_cgi.c:136]--tmp = xiaohong5457928642
[2023-02-22 09:53:17]--[/home/admin/JKYi-CloudDisk/src_cgi/login_cgi.c:143]--DesDec err
[2023-02-22 09:53:17]--[/home/admin/JKYi-CloudDisk/src_cgi/login_cgi.c:230]--token = 
[2023-02-22 09:56:01]--[/home/admin/JKYi-CloudDisk/src_cgi/login_cgi.c:217]--buf = {"user":"xiaohong","pwd":"123"}
[2023-02-22 09:56:01]--[/home/admin/JKYi-CloudDisk/src_cgi/login_cgi.c:49]--user = xiaohong,pwd = 123
[2023-02-22 09:56:01]--[/home/admin/JKYi-CloudDisk/src_cgi/login_cgi.c:223]--username = xiaohong,pwd = 123
[2023-02-22 09:56:01]--[/home/admin/JKYi-CloudDisk/src_cgi/login_cgi.c:79]--mysql_user = root,mysql_pwd = root,mysql_db = JKYi-CloudDisk[2023-02-22 09:56:01]--[/home/admin/JKYi-CloudDisk/src_cgi/login_cgi.c:114]--redis:[ip = 127.0.0.1,port = 6379]
[2023-02-22 09:56:01]--[/home/admin/JKYi-CloudDisk/src_cgi/login_cgi.c:136]--tmp = xiaohong275346627
[2023-02-22 09:56:01]--[/home/admin/JKYi-CloudDisk/src_cgi/login_cgi.c:151]--base64 = AAAAAH/hhZzEvGGnoAjNm5E/AH+mJDa9
[2023-02-22 09:56:01]--[/home/admin/JKYi-CloudDisk/src_cgi/login_cgi.c:230]--token = ab7f5f6016cef655e4965aa98dcd7ec4
[2023-02-22 09:57:24]--[/home/admin/JKYi-CloudDisk/src_cgi/login_cgi.c:217]--buf = {"user":"xiaohong","pwd":"1234"}
[2023-02-22 09:57:24]--[/home/admin/JKYi-CloudDisk/src_cgi/login_cgi.c:49]--user = xiaohong,pwd = 1234
[2023-02-22 09:57:24]--[/home/admin/JKYi-CloudDisk/src_cgi/login_cgi.c:223]--username = xiaohong,pwd = 1234
[2023-02-22 09:57:24]--[/home/admin/JKYi-CloudDisk/src_cgi/login_cgi.c:79]--mysql_user = root,mysql_pwd = root,mysql_db = JKYi-CloudDisk[2023-02-22 09:57:37]--[/home/admin/JKYi-CloudDisk/src_cgi/login_cgi.c:217]--buf = {"user":"xiaohon","pwd":"123"}
[2023-02-22 09:57:37]--[/home/admin/JKYi-CloudDisk/src_cgi/login_cgi.c:49]--user = xiaohon,pwd = 123
[2023-02-22 09:57:37]--[/home/admin/JKYi-CloudDisk/src_cgi/login_cgi.c:223]--username = xiaohon,pwd = 123
[2023-02-22 09:57:37]--[/home/admin/JKYi-CloudDisk/src_cgi/login_cgi.c:79]--mysql_user = root,mysql_pwd = root,mysql_db = JKYi-CloudDisk[2023-02-22 09:57:44]--[/home/admin/JKYi-CloudDisk/src_cgi/login_cgi.c:217]--buf = {"user":"xiaohong","pwd":"123"}
[2023-02-22 09:57:44]--[/home/admin/JKYi-CloudDisk/src_cgi/login_cgi.c:49]--user = xiaohong,pwd = 123
[2023-02-22 09:57:44]--[/home/admin/JKYi-CloudDisk/src_cgi/login_cgi.c:223]--username = xiaohong,pwd = 123
[2023-02-22 09:57:44]--[/home/admin/JKYi-CloudDisk/src_cgi/login_cgi.c:79]--mysql_user = root,mysql_pwd = root,mysql_db = JKYi-CloudDisk[2023-02-22 09:57:44]--[/home/admin/JKYi-CloudDisk/src_cgi/login_cgi.c:114]--redis:[ip = 127.0.0.1,port = 6379]
[2023-02-22 09:57:44]--[/home/admin/JKYi-CloudDisk/src_cgi/login_cgi.c:136]--tmp = xiaohong32922856438
[2023-02-22 09:57:44]--[/home/admin/JKYi-CloudDisk/src_cgi/login_cgi.c:151]--base64 = AAAAAH/hhZwjUvWxVZWUW6Wt7z6XOrnU
[2023-02-22 09:57:44]--[/home/admin/JKYi-CloudDisk/src_cgi/login_cgi.c:230]--token = 7733f78f4f80144fa456ac965c4dff0a
