[2023-02-25 19:56:20]--[/home/admin/JKYi-CloudDisk/src_cgi/login_cgi.c:217]--buf = {
    "user":"xiaoyang",
    "pwd":"123"
}
[2023-02-25 19:56:20]--[/home/admin/JKYi-CloudDisk/src_cgi/login_cgi.c:49]--user = xiaoyang,pwd = 123
[2023-02-25 19:56:20]--[/home/admin/JKYi-CloudDisk/src_cgi/login_cgi.c:223]--username = xiaoyang,pwd = 123
[2023-02-25 19:56:20]--[/home/admin/JKYi-CloudDisk/src_cgi/login_cgi.c:79]--mysql_user = root,mysql_pwd = root,mysql_db = JKYi-CloudDisk[2023-02-25 19:56:20]--[/home/admin/JKYi-CloudDisk/src_cgi/login_cgi.c:114]--redis:[ip = 127.0.0.1,port = 6379]
[2023-02-25 19:56:20]--[/home/admin/JKYi-CloudDisk/src_cgi/login_cgi.c:136]--tmp = xiaoyang376523740608
[2023-02-25 19:56:20]--[/home/admin/JKYi-CloudDisk/src_cgi/login_cgi.c:151]--base64 = AAAAACSTtwuRhcCbfyKvuWhM4WXKnCPQ
[2023-02-25 19:56:20]--[/home/admin/JKYi-CloudDisk/src_cgi/login_cgi.c:230]--token = 1b22f672ac2c969d3562eddd6edac39a
[2023-02-25 20:21:11]--[/home/admin/JKYi-CloudDisk/src_cgi/login_cgi.c:217]--buf = {
    "user":"xiaoyang",
    "pwd":"123"
}
[2023-02-25 20:21:11]--[/home/admin/JKYi-CloudDisk/src_cgi/login_cgi.c:49]--user = xiaoyang,pwd = 123
[2023-02-25 20:21:11]--[/home/admin/JKYi-CloudDisk/src_cgi/login_cgi.c:223]--username = xiaoyang,pwd = 123
[2023-02-25 20:21:11]--[/home/admin/JKYi-CloudDisk/src_cgi/login_cgi.c:79]--mysql_user = root,mysql_pwd = root,mysql_db = JKYi-CloudDisk[2023-02-25 20:21:12]--[/home/admin/JKYi-CloudDisk/src_cgi/login_cgi.c:114]--redis:[ip = 127.0.0.1,port = 6379]
[2023-02-25 20:21:12]--[/home/admin/JKYi-CloudDisk/src_cgi/login_cgi.c:136]--tmp = xiaoyang367374204792
[2023-02-25 20:21:12]--[/home/admin/JKYi-CloudDisk/src_cgi/login_cgi.c:151]--base64 = AAAAACSTtwsuZGVWkmxS0RmnKGjquefK
[2023-02-25 20:21:12]--[/home/admin/JKYi-CloudDisk/src_cgi/login_cgi.c:230]--token = 5f40ee97481818bea9b2e39963759b85
[2023-02-25 20:21:33]--[/home/admin/JKYi-CloudDisk/src_cgi/login_cgi.c:217]--buf = {
    "user":"xiaoyang",
    "token":"5f40ee97481818bea9b2e39963759b85",
    "md5":"df483402b9bfeb234717a32c6e86280e",
    "filename":"c.txt"
}
[2023-02-25 20:21:33]--[/home/admin/JKYi-CloudDisk/src_cgi/login_cgi.c:43]--get pwd err
[2023-02-25 20:21:33]--[/home/admin/JKYi-CloudDisk/src_cgi/login_cgi.c:223]--username = xiaoyang,pwd = 
[2023-02-25 20:21:33]--[/home/admin/JKYi-CloudDisk/src_cgi/login_cgi.c:79]--mysql_user = root,mysql_pwd = root,mysql_db = JKYi-CloudDisk[2023-02-25 20:29:53]--[/home/admin/JKYi-CloudDisk/src_cgi/login_cgi.c:217]--buf = {
    "user":"xiaoyang",
    "pwd":"123"
}
[2023-02-25 20:29:53]--[/home/admin/JKYi-CloudDisk/src_cgi/login_cgi.c:49]--user = xiaoyang,pwd = 123
[2023-02-25 20:29:53]--[/home/admin/JKYi-CloudDisk/src_cgi/login_cgi.c:223]--username = xiaoyang,pwd = 123
[2023-02-25 20:29:53]--[/home/admin/JKYi-CloudDisk/src_cgi/login_cgi.c:79]--mysql_user = root,mysql_pwd = root,mysql_db = JKYi-CloudDisk[2023-02-25 20:29:53]--[/home/admin/JKYi-CloudDisk/src_cgi/login_cgi.c:114]--redis:[ip = 127.0.0.1,port = 6379]
[2023-02-25 20:29:53]--[/home/admin/JKYi-CloudDisk/src_cgi/login_cgi.c:136]--tmp = xiaoyang626280354600
[2023-02-25 20:29:53]--[/home/admin/JKYi-CloudDisk/src_cgi/login_cgi.c:151]--base64 = AAAAACSTtwsQPqJve5Q0Alwb9dpDTQha
[2023-02-25 20:29:53]--[/home/admin/JKYi-CloudDisk/src_cgi/login_cgi.c:230]--token = 86104aa6bbcdaac4124e6c05680e5f81
[2023-02-25 20:43:23]--[/home/admin/JKYi-CloudDisk/src_cgi/login_cgi.c:217]--buf = {
    "user":"xiaoyang",
    "pwd":"123"
}
[2023-02-25 20:43:23]--[/home/admin/JKYi-CloudDisk/src_cgi/login_cgi.c:49]--user = xiaoyang,pwd = 123
[2023-02-25 20:43:23]--[/home/admin/JKYi-CloudDisk/src_cgi/login_cgi.c:223]--username = xiaoyang,pwd = 123
[2023-02-25 20:43:23]--[/home/admin/JKYi-CloudDisk/src_cgi/login_cgi.c:79]--mysql_user = root,mysql_pwd = root,mysql_db = JKYi-CloudDisk[2023-02-25 20:43:23]--[/home/admin/JKYi-CloudDisk/src_cgi/login_cgi.c:114]--redis:[ip = 127.0.0.1,port = 6379]
[2023-02-25 20:43:23]--[/home/admin/JKYi-CloudDisk/src_cgi/login_cgi.c:136]--tmp = xiaoyang3578157617
[2023-02-25 20:43:23]--[/home/admin/JKYi-CloudDisk/src_cgi/login_cgi.c:151]--base64 = AAAAACSTtwssEgbmWLrVw6F/X/39Dc3K
[2023-02-25 20:43:23]--[/home/admin/JKYi-CloudDisk/src_cgi/login_cgi.c:230]--token = b54c016a739b4d03de676c168f0b7642
