[2023-02-23 09:36:48]--[/home/admin/JKYi-CloudDisk/src_cgi/login_cgi.c:217]--buf = {"user":"xiaoyang","pwd":"123"}
[2023-02-23 09:36:48]--[/home/admin/JKYi-CloudDisk/src_cgi/login_cgi.c:49]--user = xiaoyang,pwd = 123
[2023-02-23 09:36:48]--[/home/admin/JKYi-CloudDisk/src_cgi/login_cgi.c:223]--username = xiaoyang,pwd = 123
[2023-02-23 09:36:48]--[/home/admin/JKYi-CloudDisk/src_cgi/login_cgi.c:79]--mysql_user = root,mysql_pwd = root,mysql_db = JKYi-CloudDisk[2023-02-23 09:36:48]--[/home/admin/JKYi-CloudDisk/src_cgi/login_cgi.c:114]--redis:[ip = 127.0.0.1,port = 6379]
[2023-02-23 09:36:48]--[/home/admin/JKYi-CloudDisk/src_cgi/login_cgi.c:136]--tmp = xiaoyang46149288481
[2023-02-23 09:36:48]--[/home/admin/JKYi-CloudDisk/src_cgi/login_cgi.c:151]--base64 = AAAAACSTtwu0KypLYcusgii6VLMD95AS
[2023-02-23 09:36:48]--[/home/admin/JKYi-CloudDisk/src_cgi/login_cgi.c:230]--token = a9903987c068c213d2d679a6ac7cf9a5
[2023-02-23 11:07:41]--[/home/admin/JKYi-CloudDisk/src_cgi/login_cgi.c:217]--buf = {
    "user":"xiaoyang",
    "pwd":"123"  
}
[2023-02-23 11:07:41]--[/home/admin/JKYi-CloudDisk/src_cgi/login_cgi.c:49]--user = xiaoyang,pwd = 123
[2023-02-23 11:07:41]--[/home/admin/JKYi-CloudDisk/src_cgi/login_cgi.c:223]--username = xiaoyang,pwd = 123
[2023-02-23 11:07:41]--[/home/admin/JKYi-CloudDisk/src_cgi/login_cgi.c:79]--mysql_user = root,mysql_pwd = root,mysql_db = JKYi-CloudDisk[2023-02-23 11:07:41]--[/home/admin/JKYi-CloudDisk/src_cgi/login_cgi.c:114]--redis:[ip = 127.0.0.1,port = 6379]
[2023-02-23 11:07:41]--[/home/admin/JKYi-CloudDisk/src_cgi/login_cgi.c:136]--tmp = xiaoyang58178328647
[2023-02-23 11:07:41]--[/home/admin/JKYi-CloudDisk/src_cgi/login_cgi.c:151]--base64 = AAAAACSTtws/Q5qWUk7/CWERskpkTONi
[2023-02-23 11:07:41]--[/home/admin/JKYi-CloudDisk/src_cgi/login_cgi.c:230]--token = fd549253573997c98f0f9ae0d3c4cf87
[2023-02-23 11:15:06]--[/home/admin/JKYi-CloudDisk/src_cgi/login_cgi.c:217]--buf = {
     "user":"xiaohong",
     "pwd":"123"
}
[2023-02-23 11:15:06]--[/home/admin/JKYi-CloudDisk/src_cgi/login_cgi.c:49]--user = xiaohong,pwd = 123
[2023-02-23 11:15:06]--[/home/admin/JKYi-CloudDisk/src_cgi/login_cgi.c:223]--username = xiaohong,pwd = 123
[2023-02-23 11:15:06]--[/home/admin/JKYi-CloudDisk/src_cgi/login_cgi.c:79]--mysql_user = root,mysql_pwd = root,mysql_db = JKYi-CloudDisk[2023-02-23 11:15:06]--[/home/admin/JKYi-CloudDisk/src_cgi/login_cgi.c:114]--redis:[ip = 127.0.0.1,port = 6379]
[2023-02-23 11:15:06]--[/home/admin/JKYi-CloudDisk/src_cgi/login_cgi.c:136]--tmp = xiaohong291741712928
[2023-02-23 11:15:06]--[/home/admin/JKYi-CloudDisk/src_cgi/login_cgi.c:151]--base64 = AAAAAH/hhZylHo7rDdiWVoXj4N/5Aa86
[2023-02-23 11:15:06]--[/home/admin/JKYi-CloudDisk/src_cgi/login_cgi.c:230]--token = 7c1cda926a5552619766a26f76ae6e77
[2023-02-23 11:16:47]--[/home/admin/JKYi-CloudDisk/src_cgi/login_cgi.c:217]--buf = {
	"user": "xiaohong",
	"md5": "e2fc714c4727ee9395f324cd2e7f331f",
	"token": "7c1cda926a5552619766a26f76ae6e77",
	"fileName":"a.txt"
}
[2023-02-23 11:16:47]--[/home/admin/JKYi-CloudDisk/src_cgi/login_cgi.c:43]--get pwd err
[2023-02-23 11:16:47]--[/home/admin/JKYi-CloudDisk/src_cgi/login_cgi.c:223]--username = xiaohong,pwd = 
[2023-02-23 11:16:47]--[/home/admin/JKYi-CloudDisk/src_cgi/login_cgi.c:79]--mysql_user = root,mysql_pwd = root,mysql_db = JKYi-CloudDisk[2023-02-23 15:45:13]--[/home/admin/JKYi-CloudDisk/src_cgi/login_cgi.c:217]--buf = {
	"user": "xiaohong",
        "pwd":"123"
}
[2023-02-23 15:45:13]--[/home/admin/JKYi-CloudDisk/src_cgi/login_cgi.c:49]--user = xiaohong,pwd = 123
[2023-02-23 15:45:13]--[/home/admin/JKYi-CloudDisk/src_cgi/login_cgi.c:223]--username = xiaohong,pwd = 123
[2023-02-23 15:45:13]--[/home/admin/JKYi-CloudDisk/src_cgi/login_cgi.c:79]--mysql_user = root,mysql_pwd = root,mysql_db = JKYi-CloudDisk[2023-02-23 15:45:13]--[/home/admin/JKYi-CloudDisk/src_cgi/login_cgi.c:114]--redis:[ip = 127.0.0.1,port = 6379]
[2023-02-23 15:45:13]--[/home/admin/JKYi-CloudDisk/src_cgi/login_cgi.c:136]--tmp = xiaohong39382322684
[2023-02-23 15:45:13]--[/home/admin/JKYi-CloudDisk/src_cgi/login_cgi.c:151]--base64 = AAAAAH/hhZznLiOqvKSk8lSa/ZhFgI4f
[2023-02-23 15:45:13]--[/home/admin/JKYi-CloudDisk/src_cgi/login_cgi.c:230]--token = 67b3670e5ecf691a74bf5dfb0aca71a1
[2023-02-23 15:45:41]--[/home/admin/JKYi-CloudDisk/src_cgi/login_cgi.c:217]--buf = {
	"user": "xiaoyang",
        "pwd":"123"
}
[2023-02-23 15:45:41]--[/home/admin/JKYi-CloudDisk/src_cgi/login_cgi.c:49]--user = xiaoyang,pwd = 123
[2023-02-23 15:45:41]--[/home/admin/JKYi-CloudDisk/src_cgi/login_cgi.c:223]--username = xiaoyang,pwd = 123
[2023-02-23 15:45:41]--[/home/admin/JKYi-CloudDisk/src_cgi/login_cgi.c:79]--mysql_user = root,mysql_pwd = root,mysql_db = JKYi-CloudDisk[2023-02-23 15:45:41]--[/home/admin/JKYi-CloudDisk/src_cgi/login_cgi.c:114]--redis:[ip = 127.0.0.1,port = 6379]
[2023-02-23 15:45:41]--[/home/admin/JKYi-CloudDisk/src_cgi/login_cgi.c:136]--tmp = xiaoyang258622835353
[2023-02-23 15:45:41]--[/home/admin/JKYi-CloudDisk/src_cgi/login_cgi.c:151]--base64 = AAAAACSTtwsF10hr3KJTUlnnpkKfOiwl
[2023-02-23 15:45:41]--[/home/admin/JKYi-CloudDisk/src_cgi/login_cgi.c:230]--token = ace8742e5a0669d3b88541f7471abf04
[2023-02-23 15:47:10]--[/home/admin/JKYi-CloudDisk/src_cgi/login_cgi.c:217]--buf = {
	"user": "xiaoyang",
        "pwd":"ace8742e5a0669d3b88541f7471abf04"
}
[2023-02-23 15:47:10]--[/home/admin/JKYi-CloudDisk/src_cgi/login_cgi.c:49]--user = xiaoyang,pwd = ace8742e5a0669d3b88541f7471abf04
[2023-02-23 15:47:10]--[/home/admin/JKYi-CloudDisk/src_cgi/login_cgi.c:223]--username = xiaoyang,pwd = ace8742e5a0669d3b88541f7471abf04
[2023-02-23 15:47:10]--[/home/admin/JKYi-CloudDisk/src_cgi/login_cgi.c:79]--mysql_user = root,mysql_pwd = root,mysql_db = JKYi-CloudDisk[2023-02-23 16:26:33]--[/home/admin/JKYi-CloudDisk/src_cgi/login_cgi.c:217]--buf = {
	"user": "xiaoyang",
         "pwd":"123"
}
[2023-02-23 16:26:33]--[/home/admin/JKYi-CloudDisk/src_cgi/login_cgi.c:49]--user = xiaoyang,pwd = 123
[2023-02-23 16:26:33]--[/home/admin/JKYi-CloudDisk/src_cgi/login_cgi.c:223]--username = xiaoyang,pwd = 123
[2023-02-23 16:26:33]--[/home/admin/JKYi-CloudDisk/src_cgi/login_cgi.c:79]--mysql_user = root,mysql_pwd = root,mysql_db = JKYi-CloudDisk[2023-02-23 16:26:33]--[/home/admin/JKYi-CloudDisk/src_cgi/login_cgi.c:114]--redis:[ip = 127.0.0.1,port = 6379]
[2023-02-23 16:26:33]--[/home/admin/JKYi-CloudDisk/src_cgi/login_cgi.c:118]--redis connect err
[2023-02-23 16:26:33]--[/home/admin/JKYi-CloudDisk/src_cgi/login_cgi.c:230]--token = 
[2023-02-23 16:26:44]--[/home/admin/JKYi-CloudDisk/src_cgi/login_cgi.c:217]--buf = {
	"user": "xiaoyang",
        "pwd":"123"
}
[2023-02-23 16:26:44]--[/home/admin/JKYi-CloudDisk/src_cgi/login_cgi.c:49]--user = xiaoyang,pwd = 123
[2023-02-23 16:26:44]--[/home/admin/JKYi-CloudDisk/src_cgi/login_cgi.c:223]--username = xiaoyang,pwd = 123
[2023-02-23 16:26:44]--[/home/admin/JKYi-CloudDisk/src_cgi/login_cgi.c:79]--mysql_user = root,mysql_pwd = root,mysql_db = JKYi-CloudDisk[2023-02-23 16:26:44]--[/home/admin/JKYi-CloudDisk/src_cgi/login_cgi.c:114]--redis:[ip = 127.0.0.1,port = 6379]
[2023-02-23 16:26:44]--[/home/admin/JKYi-CloudDisk/src_cgi/login_cgi.c:118]--redis connect err
[2023-02-23 16:26:44]--[/home/admin/JKYi-CloudDisk/src_cgi/login_cgi.c:230]--token = 
[2023-02-23 16:27:48]--[/home/admin/JKYi-CloudDisk/src_cgi/login_cgi.c:217]--buf = {
	"user": "xiaoyang",
        "pwd":"123"
}
[2023-02-23 16:27:48]--[/home/admin/JKYi-CloudDisk/src_cgi/login_cgi.c:49]--user = xiaoyang,pwd = 123
[2023-02-23 16:27:48]--[/home/admin/JKYi-CloudDisk/src_cgi/login_cgi.c:223]--username = xiaoyang,pwd = 123
[2023-02-23 16:27:48]--[/home/admin/JKYi-CloudDisk/src_cgi/login_cgi.c:79]--mysql_user = root,mysql_pwd = root,mysql_db = JKYi-CloudDisk[2023-02-23 16:27:48]--[/home/admin/JKYi-CloudDisk/src_cgi/login_cgi.c:114]--redis:[ip = 127.0.0.1,port = 6379]
[2023-02-23 16:27:48]--[/home/admin/JKYi-CloudDisk/src_cgi/login_cgi.c:136]--tmp = xiaoyang494226314643
[2023-02-23 16:27:48]--[/home/admin/JKYi-CloudDisk/src_cgi/login_cgi.c:151]--base64 = AAAAACSTtwtB0sfWGw4IawgCWX2XRf+H
[2023-02-23 16:27:48]--[/home/admin/JKYi-CloudDisk/src_cgi/login_cgi.c:230]--token = 79de6bcd81d29ee1437dd6bee85c7182
