[2023-02-23 09:27:49]--[/home/admin/JKYi-CloudDisk/src_cgi/md5_cgi.c:32]--mysql:[user = root,pwd = root,database = JKYi-CloudDisk]
[2023-02-23 10:16:52]--[/home/admin/JKYi-CloudDisk/src_cgi/md5_cgi.c:32]--mysql:[user = root,pwd = root,database = JKYi-CloudDisk]
[2023-02-23 10:19:08]--[/home/admin/JKYi-CloudDisk/src_cgi/md5_cgi.c:32]--mysql:[user = root,pwd = root,database = JKYi-CloudDisk]
[2023-02-23 10:36:45]--[/home/admin/JKYi-CloudDisk/src_cgi/md5_cgi.c:32]--mysql:[user = root,pwd = root,database = JKYi-CloudDisk]
[2023-02-23 10:41:53]--[/home/admin/JKYi-CloudDisk/src_cgi/md5_cgi.c:32]--mysql:[user = root,pwd = root,database = JKYi-CloudDisk]
[2023-02-23 10:47:12]--[/home/admin/JKYi-CloudDisk/src_cgi/md5_cgi.c:32]--mysql:[user = root,pwd = root,database = JKYi-CloudDisk]
[2023-02-23 10:49:00]--[/home/admin/JKYi-CloudDisk/src_cgi/md5_cgi.c:32]--mysql:[user = root,pwd = root,database = JKYi-CloudDisk]
[2023-02-23 11:10:14]--[/home/admin/JKYi-CloudDisk/src_cgi/md5_cgi.c:242]--buf = {
	"user": "xiaoyang",
	"md5": "e2fc714c4727ee9395f324cd2e7f331f",
	"token": "fd549253573997c98f0f9ae0d3c4cf87",
	"fileName" = "a.txt"
}
[2023-02-23 11:10:14]--[/home/admin/JKYi-CloudDisk/src_cgi/md5_cgi.c:49]--cJSON_Parse err
[2023-02-23 11:10:14]--[/home/admin/JKYi-CloudDisk/src_cgi/md5_cgi.c:251]--get_md5_info err
[2023-02-23 11:13:32]--[/home/admin/JKYi-CloudDisk/src_cgi/md5_cgi.c:242]--buf = {
	"user": "xiaoyang",
	"md5": "e2fc714c4727ee9395f324cd2e7f331f",
	"token": "fd549253573997c98f0f9ae0d3c4cf87",
	"fileName": "a.txt"
}
[2023-02-23 11:13:32]--[/home/admin/JKYi-CloudDisk/src_cgi/md5_cgi.c:255]--user = xiaoyang,token = fd549253573997c98f0f9ae0d3c4cf87,md5 = e2fc714c4727ee9395f324cd2e7f331f,filename = a.txt
[2023-02-23 11:13:32]--[/home/admin/JKYi-CloudDisk/src_cgi/md5_cgi.c:132]--xiaoyang[filename:a.txt,md5:e2fc714c4727ee9395f324cd2e7f331f] is exists
[2023-02-23 11:14:55]--[/home/admin/JKYi-CloudDisk/src_cgi/md5_cgi.c:242]--buf = {
     "user":"xiaohong",
     "pwd":"123"
}
[2023-02-23 11:14:55]--[/home/admin/JKYi-CloudDisk/src_cgi/md5_cgi.c:64]--cJSON_GetobjectItem md5 err
[2023-02-23 11:14:55]--[/home/admin/JKYi-CloudDisk/src_cgi/md5_cgi.c:251]--get_md5_info err
[2023-02-23 11:16:56]--[/home/admin/JKYi-CloudDisk/src_cgi/md5_cgi.c:242]--buf = {
	"user": "xiaohong",
	"md5": "e2fc714c4727ee9395f324cd2e7f331f",
	"token": "7c1cda926a5552619766a26f76ae6e77",
	"fileName":"a.txt"
}
[2023-02-23 11:16:56]--[/home/admin/JKYi-CloudDisk/src_cgi/md5_cgi.c:255]--user = xiaohong,token = 7c1cda926a5552619766a26f76ae6e77,md5 = e2fc714c4727ee9395f324cd2e7f331f,filename = a.txt
[2023-02-23 11:27:09]--[/home/admin/JKYi-CloudDisk/src_cgi/md5_cgi.c:32]--mysql:[user = root,pwd = root,database = JKYi-CloudDisk]
[2023-02-23 11:29:07]--[/home/admin/JKYi-CloudDisk/src_cgi/md5_cgi.c:32]--mysql:[user = root,pwd = root,database = JKYi-CloudDisk]
[2023-02-23 11:32:54]--[/home/admin/JKYi-CloudDisk/src_cgi/md5_cgi.c:32]--mysql:[user = root,pwd = root,database = JKYi-CloudDisk]
[2023-02-23 15:31:59]--[/home/admin/JKYi-CloudDisk/src_cgi/md5_cgi.c:32]--mysql:[user = root,pwd = root,database = JKYi-CloudDisk]
[2023-02-23 15:32:39]--[/home/admin/JKYi-CloudDisk/src_cgi/md5_cgi.c:32]--mysql:[user = root,pwd = root,database = JKYi-CloudDisk]
[2023-02-23 15:33:11]--[/home/admin/JKYi-CloudDisk/src_cgi/md5_cgi.c:32]--mysql:[user = root,pwd = root,database = JKYi-CloudDisk]
[2023-02-23 15:33:51]--[/home/admin/JKYi-CloudDisk/src_cgi/md5_cgi.c:32]--mysql:[user = root,pwd = root,database = JKYi-CloudDisk]
[2023-02-23 15:54:46]--[/home/admin/JKYi-CloudDisk/src_cgi/md5_cgi.c:32]--mysql:[user = root,pwd = root,database = JKYi-CloudDisk]
[2023-02-23 16:25:51]--[/home/admin/JKYi-CloudDisk/src_cgi/md5_cgi.c:32]--mysql:[user = root,pwd = root,database = JKYi-CloudDisk]
[2023-02-23 16:27:35]--[/home/admin/JKYi-CloudDisk/src_cgi/md5_cgi.c:32]--mysql:[user = root,pwd = root,database = JKYi-CloudDisk]
