[2023-02-23 09:27:49]--[/home/admin/JKYi-CloudDisk/src_cgi/upload_cgi.c:33]--mysql user = root,password = root,database = JKYi-CloudDisk
[2023-02-23 09:50:31]--[/home/admin/JKYi-CloudDisk/src_cgi/upload_cgi.c:500]--CONTENT_LENGTH:6
[2023-02-23 09:50:31]--[/home/admin/JKYi-CloudDisk/src_cgi/upload_cgi.c:511]-- start upload[,len:6]
[2023-02-23 09:50:31]--[/home/admin/JKYi-CloudDisk/src_cgi/upload_cgi.c:88]--wrong no boundary
[2023-02-23 10:05:22]--[/home/admin/JKYi-CloudDisk/src_cgi/upload_cgi.c:500]--CONTENT_LENGTH:165
[2023-02-23 10:05:22]--[/home/admin/JKYi-CloudDisk/src_cgi/upload_cgi.c:511]-- start upload[,len:165]
[2023-02-23 10:05:22]--[/home/admin/JKYi-CloudDisk/src_cgi/upload_cgi.c:94]--boundary:[Content-Disposition: form-data; user="xiaoyang"; filename="a.txt"; md5="e2fc714c4727ee9395f324cd2e7f331f"; size=4]
[2023-02-23 10:05:22]--[/home/admin/JKYi-CloudDisk/src_cgi/upload_cgi.c:109]--content_text:[ Content-Type: application/octet-stream\r\n ]
[2023-02-23 10:16:52]--[/home/admin/JKYi-CloudDisk/src_cgi/upload_cgi.c:33]--mysql user = root,password = root,database = JKYi-CloudDisk
[2023-02-23 10:16:57]--[/home/admin/JKYi-CloudDisk/src_cgi/upload_cgi.c:500]--CONTENT_LENGTH:243
[2023-02-23 10:16:57]--[/home/admin/JKYi-CloudDisk/src_cgi/upload_cgi.c:511]-- start upload[,len:243]
[2023-02-23 10:16:57]--[/home/admin/JKYi-CloudDisk/src_cgi/upload_cgi.c:94]--boundary:[Content-Disposition: form-data; user="xiaoyang"; filename="a.txt"; md5="e2fc714c4727ee9395f324cd2e7f331f"; size=4\]
[2023-02-23 10:16:57]--[/home/admin/JKYi-CloudDisk/src_cgi/upload_cgi.c:109]--content_text:[ Content-Type: application/octet-stream\ ]
[2023-02-23 10:19:08]--[/home/admin/JKYi-CloudDisk/src_cgi/upload_cgi.c:33]--mysql user = root,password = root,database = JKYi-CloudDisk
[2023-02-23 10:19:14]--[/home/admin/JKYi-CloudDisk/src_cgi/upload_cgi.c:500]--CONTENT_LENGTH:241
[2023-02-23 10:19:14]--[/home/admin/JKYi-CloudDisk/src_cgi/upload_cgi.c:511]-- start upload[,len:241]
[2023-02-23 10:19:14]--[/home/admin/JKYi-CloudDisk/src_cgi/upload_cgi.c:94]--boundary:[------WebKitFormBoundary88asdgewtgewx]
[2023-02-23 10:19:14]--[/home/admin/JKYi-CloudDisk/src_cgi/upload_cgi.c:109]--content_text:[ Content-Disposition: form-data; user="xiaoyang"; filename="a.txt"; md5="e2fc714c4727ee9395f324cd2e7f331f"; size=4 ]
[2023-02-23 10:19:14]--[/home/admin/JKYi-CloudDisk/src_cgi/upload_cgi.c:178]--start open a.txt
[2023-02-23 10:19:14]--[/home/admin/JKYi-CloudDisk/src_cgi/upload_cgi.c:186]--write a.txt,len = 6
[2023-02-23 10:19:14]--[/home/admin/JKYi-CloudDisk/src_cgi/upload_cgi.c:518]--xiaoyang upload successd[a.txt,len:4, md5:]
[2023-02-23 10:19:14]--[/home/admin/JKYi-CloudDisk/src_cgi/upload_cgi.c:294]--get [group1/M00/00/00/L2FmtWP2zSKARXTIAAAABlC7_tU988.txt] success
[2023-02-23 10:19:14]--[/home/admin/JKYi-CloudDisk/src_cgi/upload_cgi.c:383]--file url is :http:// 47.97.102.181:80/group1/M00/00/00/L2FmtWP2zSKARXTIAAAABlC7_tU988.txt
[2023-02-23 10:19:14]--[/home/admin/JKYi-CloudDisk/src_cgi/upload_cgi.c:431]--[insert into file_info (md5,file_id,url,size,type,count)values ('','group1/M00/00/00/L2FmtWP2zSKARXTIAAAABlC7_tU988.txt','http:// 47.97.102.181:80/group1/M00/00/00/L2FmtWP2zSKARXTIAAAABlC7_tU988.txt','4','txt','1')] insert into file_info seccess
[2023-02-23 10:36:45]--[/home/admin/JKYi-CloudDisk/src_cgi/upload_cgi.c:33]--mysql user = root,password = root,database = JKYi-CloudDisk
[2023-02-23 10:36:53]--[/home/admin/JKYi-CloudDisk/src_cgi/upload_cgi.c:500]--CONTENT_LENGTH:241
[2023-02-23 10:36:53]--[/home/admin/JKYi-CloudDisk/src_cgi/upload_cgi.c:511]-- start upload[,len:241]
[2023-02-23 10:36:53]--[/home/admin/JKYi-CloudDisk/src_cgi/upload_cgi.c:94]--boundary:[------WebKitFormBoundary88asdgewtgewx]
[2023-02-23 10:36:53]--[/home/admin/JKYi-CloudDisk/src_cgi/upload_cgi.c:109]--content_text:[ Content-Disposition: form-data; user="xiaoyang"; filename="a.txt"; md5="e2fc714c4727ee9395f324cd2e7f331f"; size=4 ]
[2023-02-23 10:36:53]--[/home/admin/JKYi-CloudDisk/src_cgi/upload_cgi.c:178]--start open a.txt
[2023-02-23 10:36:53]--[/home/admin/JKYi-CloudDisk/src_cgi/upload_cgi.c:186]--write a.txt,len = 6
[2023-02-23 10:36:53]--[/home/admin/JKYi-CloudDisk/src_cgi/upload_cgi.c:518]--xiaoyang upload successd[a.txt,len:4, md5:e2fc714c4727ee9395f324cd2e7f331f]
[2023-02-23 10:36:53]--[/home/admin/JKYi-CloudDisk/src_cgi/upload_cgi.c:294]--get [group1/M00/00/00/L2FmtWP20UWAO17jAAAABlC7_tU676.txt] success
[2023-02-23 10:36:53]--[/home/admin/JKYi-CloudDisk/src_cgi/upload_cgi.c:383]--file url is :http:// 47.97.102.181:8000/group1/M00/00/00/L2FmtWP20UWAO17jAAAABlC7_tU676.txt
[2023-02-23 10:36:53]--[/home/admin/JKYi-CloudDisk/src_cgi/upload_cgi.c:431]--[insert into file_info (md5,file_id,url,size,type,count)values ('e2fc714c4727ee9395f324cd2e7f331f','group1/M00/00/00/L2FmtWP20UWAO17jAAAABlC7_tU676.txt','http:// 47.97.102.181:8000/group1/M00/00/00/L2FmtWP20UWAO17jAAAABlC7_tU676.txt','4','txt','1')] insert into file_info seccess
[2023-02-23 10:41:53]--[/home/admin/JKYi-CloudDisk/src_cgi/upload_cgi.c:33]--mysql user = root,password = root,database = JKYi-CloudDisk
[2023-02-23 10:42:01]--[/home/admin/JKYi-CloudDisk/src_cgi/upload_cgi.c:500]--CONTENT_LENGTH:241
[2023-02-23 10:42:01]--[/home/admin/JKYi-CloudDisk/src_cgi/upload_cgi.c:94]--boundary:[------WebKitFormBoundary88asdgewtgewx]
[2023-02-23 10:42:01]--[/home/admin/JKYi-CloudDisk/src_cgi/upload_cgi.c:109]--content_text:[ Content-Disposition: form-data; user="xiaoyang"; filename="a.txt"; md5="e2fc714c4727ee9395f324cd2e7f331f"; size=4 ]
[2023-02-23 10:42:01]--[/home/admin/JKYi-CloudDisk/src_cgi/upload_cgi.c:178]--start open a.txt
[2023-02-23 10:42:01]--[/home/admin/JKYi-CloudDisk/src_cgi/upload_cgi.c:186]--write a.txt,len = 6
[2023-02-23 10:42:01]--[/home/admin/JKYi-CloudDisk/src_cgi/upload_cgi.c:516]--xiaoyang start upload[a.txt,len:241]
[2023-02-23 10:42:01]--[/home/admin/JKYi-CloudDisk/src_cgi/upload_cgi.c:294]--get [group1/M00/00/00/L2FmtWP20nmASW44AAAABlC7_tU966.txt] success
[2023-02-23 10:42:01]--[/home/admin/JKYi-CloudDisk/src_cgi/upload_cgi.c:524]--xiaoyang upload successd[a.txt,len:4, md5:e2fc714c4727ee9395f324cd2e7f331f]
[2023-02-23 10:42:01]--[/home/admin/JKYi-CloudDisk/src_cgi/upload_cgi.c:383]--file url is :http:// 47.97.102.181:8000/group1/M00/00/00/L2FmtWP20nmASW44AAAABlC7_tU966.txt
[2023-02-23 10:42:01]--[/home/admin/JKYi-CloudDisk/src_cgi/upload_cgi.c:431]--[insert into file_info (md5,file_id,url,size,type,count)values ('e2fc714c4727ee9395f324cd2e7f331f','group1/M00/00/00/L2FmtWP20nmASW44AAAABlC7_tU966.txt','http:// 47.97.102.181:8000/group1/M00/00/00/L2FmtWP20nmASW44AAAABlC7_tU966.txt','4','txt','1')] insert into file_info seccess
[2023-02-23 10:47:12]--[/home/admin/JKYi-CloudDisk/src_cgi/upload_cgi.c:33]--mysql user = root,password = root,database = JKYi-CloudDisk
[2023-02-23 10:49:00]--[/home/admin/JKYi-CloudDisk/src_cgi/upload_cgi.c:33]--mysql user = root,password = root,database = JKYi-CloudDisk
[2023-02-23 10:49:05]--[/home/admin/JKYi-CloudDisk/src_cgi/upload_cgi.c:500]--CONTENT_LENGTH:241
[2023-02-23 10:49:05]--[/home/admin/JKYi-CloudDisk/src_cgi/upload_cgi.c:94]--boundary:[------WebKitFormBoundary88asdgewtgewx]
[2023-02-23 10:49:05]--[/home/admin/JKYi-CloudDisk/src_cgi/upload_cgi.c:109]--content_text:[ Content-Disposition: form-data; user="xiaoyang"; filename="a.txt"; md5="e2fc714c4727ee9395f324cd2e7f331f"; size=4 ]
[2023-02-23 10:49:05]--[/home/admin/JKYi-CloudDisk/src_cgi/upload_cgi.c:178]--start open a.txt
[2023-02-23 10:49:05]--[/home/admin/JKYi-CloudDisk/src_cgi/upload_cgi.c:186]--write a.txt,len = 6
[2023-02-23 10:49:05]--[/home/admin/JKYi-CloudDisk/src_cgi/upload_cgi.c:516]--xiaoyang start upload[a.txt,len:241]
[2023-02-23 10:49:05]--[/home/admin/JKYi-CloudDisk/src_cgi/upload_cgi.c:294]--get [group1/M00/00/00/L2FmtWP21CGAFeehAAAABlC7_tU434.txt] success
[2023-02-23 10:49:05]--[/home/admin/JKYi-CloudDisk/src_cgi/upload_cgi.c:524]--xiaoyang upload successd[a.txt,len:4, md5:e2fc714c4727ee9395f324cd2e7f331f]
[2023-02-23 10:49:05]--[/home/admin/JKYi-CloudDisk/src_cgi/upload_cgi.c:383]--file url is :http://47.97.102.181:8000/group1/M00/00/00/L2FmtWP21CGAFeehAAAABlC7_tU434.txt
[2023-02-23 10:49:05]--[/home/admin/JKYi-CloudDisk/src_cgi/upload_cgi.c:431]--[insert into file_info (md5,file_id,url,size,type,count)values ('e2fc714c4727ee9395f324cd2e7f331f','group1/M00/00/00/L2FmtWP21CGAFeehAAAABlC7_tU434.txt','http://47.97.102.181:8000/group1/M00/00/00/L2FmtWP21CGAFeehAAAABlC7_tU434.txt','4','txt','1')] insert into file_info seccess
[2023-02-23 11:27:09]--[/home/admin/JKYi-CloudDisk/src_cgi/upload_cgi.c:33]--mysql user = root,password = root,database = JKYi-CloudDisk
[2023-02-23 11:29:07]--[/home/admin/JKYi-CloudDisk/src_cgi/upload_cgi.c:33]--mysql user = root,password = root,database = JKYi-CloudDisk
[2023-02-23 11:32:54]--[/home/admin/JKYi-CloudDisk/src_cgi/upload_cgi.c:33]--mysql user = root,password = root,database = JKYi-CloudDisk
[2023-02-23 15:31:59]--[/home/admin/JKYi-CloudDisk/src_cgi/upload_cgi.c:33]--mysql user = root,password = root,database = JKYi-CloudDisk
[2023-02-23 15:32:38]--[/home/admin/JKYi-CloudDisk/src_cgi/upload_cgi.c:33]--mysql user = root,password = root,database = JKYi-CloudDisk
[2023-02-23 15:33:11]--[/home/admin/JKYi-CloudDisk/src_cgi/upload_cgi.c:33]--mysql user = root,password = root,database = JKYi-CloudDisk
[2023-02-23 15:33:51]--[/home/admin/JKYi-CloudDisk/src_cgi/upload_cgi.c:33]--mysql user = root,password = root,database = JKYi-CloudDisk
[2023-02-23 15:54:46]--[/home/admin/JKYi-CloudDisk/src_cgi/upload_cgi.c:33]--mysql user = root,password = root,database = JKYi-CloudDisk
[2023-02-23 16:25:51]--[/home/admin/JKYi-CloudDisk/src_cgi/upload_cgi.c:33]--mysql user = root,password = root,database = JKYi-CloudDisk
[2023-02-23 16:27:35]--[/home/admin/JKYi-CloudDisk/src_cgi/upload_cgi.c:33]--mysql user = root,password = root,database = JKYi-CloudDisk
[2023-02-23 16:43:05]--[/home/admin/JKYi-CloudDisk/src_cgi/upload_cgi.c:500]--CONTENT_LENGTH:256
[2023-02-23 16:43:05]--[/home/admin/JKYi-CloudDisk/src_cgi/upload_cgi.c:94]--boundary:[------WebKitFormBoundary88asdgewtgewx]
[2023-02-23 16:43:05]--[/home/admin/JKYi-CloudDisk/src_cgi/upload_cgi.c:109]--content_text:[ Content-Disposition: form-data; user="xiaoyang"; filename="b.txt"; md5="b10e7723bb36049cb591945815a115e1"; size=26 ]
[2023-02-23 16:43:05]--[/home/admin/JKYi-CloudDisk/src_cgi/upload_cgi.c:178]--start open b.txt
[2023-02-23 16:43:05]--[/home/admin/JKYi-CloudDisk/src_cgi/upload_cgi.c:186]--write b.txt,len = 20
[2023-02-23 16:43:05]--[/home/admin/JKYi-CloudDisk/src_cgi/upload_cgi.c:516]--xiaoyang start upload[b.txt,len:256]
[2023-02-23 16:43:05]--[/home/admin/JKYi-CloudDisk/src_cgi/upload_cgi.c:294]--get [group1/M00/00/00/L2FmtWP3JxmAaZvrAAAAFAdyPrQ129.txt] success
[2023-02-23 16:43:05]--[/home/admin/JKYi-CloudDisk/src_cgi/upload_cgi.c:524]--xiaoyang upload successd[b.txt,len:26, md5:b10e7723bb36049cb591945815a115e1]
[2023-02-23 16:43:05]--[/home/admin/JKYi-CloudDisk/src_cgi/upload_cgi.c:383]--file url is :http://47.97.102.181:8000/group1/M00/00/00/L2FmtWP3JxmAaZvrAAAAFAdyPrQ129.txt
[2023-02-23 16:43:05]--[/home/admin/JKYi-CloudDisk/src_cgi/upload_cgi.c:431]--[insert into file_info (md5,file_id,url,size,type,count)values ('b10e7723bb36049cb591945815a115e1','group1/M00/00/00/L2FmtWP3JxmAaZvrAAAAFAdyPrQ129.txt','http://47.97.102.181:8000/group1/M00/00/00/L2FmtWP3JxmAaZvrAAAAFAdyPrQ129.txt','26','txt','1')] insert into file_info seccess
[2023-02-23 16:43:16]--[/home/admin/JKYi-CloudDisk/src_cgi/upload_cgi.c:500]--CONTENT_LENGTH:256
[2023-02-23 16:43:16]--[/home/admin/JKYi-CloudDisk/src_cgi/upload_cgi.c:94]--boundary:[------WebKitFormBoundary88asdgewtgewx]
[2023-02-23 16:43:16]--[/home/admin/JKYi-CloudDisk/src_cgi/upload_cgi.c:109]--content_text:[ Content-Disposition: form-data; user="xiaoyang"; filename="b.txt"; md5="b10e7723bb36049cb591945815a115e1"; size=26 ]
[2023-02-23 16:43:16]--[/home/admin/JKYi-CloudDisk/src_cgi/upload_cgi.c:178]--start open b.txt
[2023-02-23 16:43:16]--[/home/admin/JKYi-CloudDisk/src_cgi/upload_cgi.c:186]--write b.txt,len = 20
[2023-02-23 16:43:16]--[/home/admin/JKYi-CloudDisk/src_cgi/upload_cgi.c:516]--xiaoyang start upload[b.txt,len:256]
[2023-02-23 16:43:16]--[/home/admin/JKYi-CloudDisk/src_cgi/upload_cgi.c:294]--get [group1/M00/00/00/L2FmtWP3JySAagnGAAAAFAdyPrQ082.txt] success
[2023-02-23 16:43:16]--[/home/admin/JKYi-CloudDisk/src_cgi/upload_cgi.c:524]--xiaoyang upload successd[b.txt,len:26, md5:b10e7723bb36049cb591945815a115e1]
[2023-02-23 16:43:16]--[/home/admin/JKYi-CloudDisk/src_cgi/upload_cgi.c:383]--file url is :http://47.97.102.181:8000/group1/M00/00/00/L2FmtWP3JySAagnGAAAAFAdyPrQ082.txt
[2023-02-23 16:43:16]--[/home/admin/JKYi-CloudDisk/src_cgi/upload_cgi.c:431]--[insert into file_info (md5,file_id,url,size,type,count)values ('b10e7723bb36049cb591945815a115e1','group1/M00/00/00/L2FmtWP3JySAagnGAAAAFAdyPrQ082.txt','http://47.97.102.181:8000/group1/M00/00/00/L2FmtWP3JySAagnGAAAAFAdyPrQ082.txt','26','txt','1')] insert into file_info seccess
[2023-02-23 16:43:29]--[/home/admin/JKYi-CloudDisk/src_cgi/upload_cgi.c:500]--CONTENT_LENGTH:258
[2023-02-23 16:43:29]--[/home/admin/JKYi-CloudDisk/src_cgi/upload_cgi.c:94]--boundary:[------WebKitFormBoundary88asdgewtgewx]
[2023-02-23 16:43:29]--[/home/admin/JKYi-CloudDisk/src_cgi/upload_cgi.c:109]--content_text:[ Content-Disposition: form-data; user="xiaoyang"; filename="b.txt"; md5="b10e7723bb36049cb591945815a115e1"; size=26 ]
[2023-02-23 16:43:29]--[/home/admin/JKYi-CloudDisk/src_cgi/upload_cgi.c:178]--start open b.txt
[2023-02-23 16:43:29]--[/home/admin/JKYi-CloudDisk/src_cgi/upload_cgi.c:186]--write b.txt,len = 22
[2023-02-23 16:43:29]--[/home/admin/JKYi-CloudDisk/src_cgi/upload_cgi.c:516]--xiaoyang start upload[b.txt,len:258]
[2023-02-23 16:43:29]--[/home/admin/JKYi-CloudDisk/src_cgi/upload_cgi.c:294]--get [group1/M00/00/00/L2FmtWP3JzGAR9YzAAAAFo4jqWs704.txt] success
[2023-02-23 16:43:29]--[/home/admin/JKYi-CloudDisk/src_cgi/upload_cgi.c:524]--xiaoyang upload successd[b.txt,len:26, md5:b10e7723bb36049cb591945815a115e1]
[2023-02-23 16:43:29]--[/home/admin/JKYi-CloudDisk/src_cgi/upload_cgi.c:383]--file url is :http://47.97.102.181:8000/group1/M00/00/00/L2FmtWP3JzGAR9YzAAAAFo4jqWs704.txt
[2023-02-23 16:43:29]--[/home/admin/JKYi-CloudDisk/src_cgi/upload_cgi.c:431]--[insert into file_info (md5,file_id,url,size,type,count)values ('b10e7723bb36049cb591945815a115e1','group1/M00/00/00/L2FmtWP3JzGAR9YzAAAAFo4jqWs704.txt','http://47.97.102.181:8000/group1/M00/00/00/L2FmtWP3JzGAR9YzAAAAFo4jqWs704.txt','26','txt','1')] insert into file_info seccess
[2023-02-23 16:45:30]--[/home/admin/JKYi-CloudDisk/src_cgi/upload_cgi.c:500]--CONTENT_LENGTH:241
[2023-02-23 16:45:30]--[/home/admin/JKYi-CloudDisk/src_cgi/upload_cgi.c:94]--boundary:[------WebKitFormBoundary88asdgewtgewx]
[2023-02-23 16:45:30]--[/home/admin/JKYi-CloudDisk/src_cgi/upload_cgi.c:109]--content_text:[ Content-Disposition: form-data; user="xiaoyang"; filename="c.txt"; md5="df483402b9bfeb234717a32c6e86280e"; size=5 ]
[2023-02-23 16:45:30]--[/home/admin/JKYi-CloudDisk/src_cgi/upload_cgi.c:178]--start open c.txt
[2023-02-23 16:45:30]--[/home/admin/JKYi-CloudDisk/src_cgi/upload_cgi.c:186]--write c.txt,len = 6
[2023-02-23 16:45:30]--[/home/admin/JKYi-CloudDisk/src_cgi/upload_cgi.c:516]--xiaoyang start upload[c.txt,len:241]
[2023-02-23 16:45:30]--[/home/admin/JKYi-CloudDisk/src_cgi/upload_cgi.c:294]--get [group1/M00/00/00/L2FmtWP3J6qAD-2GAAAABlWO1Xk724.txt] success
[2023-02-23 16:45:30]--[/home/admin/JKYi-CloudDisk/src_cgi/upload_cgi.c:524]--xiaoyang upload successd[c.txt,len:5, md5:df483402b9bfeb234717a32c6e86280e]
[2023-02-23 16:45:30]--[/home/admin/JKYi-CloudDisk/src_cgi/upload_cgi.c:383]--file url is :http://47.97.102.181:8000/group1/M00/00/00/L2FmtWP3J6qAD-2GAAAABlWO1Xk724.txt
[2023-02-23 16:45:30]--[/home/admin/JKYi-CloudDisk/src_cgi/upload_cgi.c:431]--[insert into file_info (md5,file_id,url,size,type,count)values ('df483402b9bfeb234717a32c6e86280e','group1/M00/00/00/L2FmtWP3J6qAD-2GAAAABlWO1Xk724.txt','http://47.97.102.181:8000/group1/M00/00/00/L2FmtWP3J6qAD-2GAAAABlWO1Xk724.txt','5','txt','1')] insert into file_info seccess
